<?xml version="1.0" encoding="UTF-8"?>
<!-- Generated by org.testng.reporters.JUnitXMLReporter -->
<testsuite ignored="0" hostname="dnid0007l01.local" failures="11" tests="149" name="APITest" time="307.752" errors="0" timestamp="2020-05-19T13:32:28 WIB">
  <testcase classname="com.api.testcases.TS_001_CreateAccount" name="createAccountTest" time="3.186"/>
  <testcase classname="com.api.testcases.TS_001_CreateAccount" name="createAccountTest" time="1.44"/>
  <testcase classname="com.api.testcases.TS_001_CreateAccount" name="createAccountTest" time="1.519"/>
  <testcase classname="com.api.testcases.TS_001_CreateAccount" name="createAccountTest" time="1.513"/>
  <testcase classname="com.api.testcases.TS_001_CreateAccount" name="createAccountTest" time="1.52"/>
  <testcase classname="com.api.testcases.TS_001_CreateAccount" name="createAccountTest" time="1.428"/>
  <testcase classname="com.api.testcases.TS_001_CreateAccount" name="createAccountTest" time="1.481"/>
  <testcase classname="com.api.testcases.TS_001_CreateAccount" name="createAccountTest" time="1.433"/>
  <testcase classname="com.api.testcases.TS_001_CreateAccount" name="createAccountTest" time="1.417"/>
  <testcase classname="com.api.testcases.TS_001_CreateAccount" name="createAccountTest" time="1.447"/>
  <testcase classname="com.api.testcases.TS_001_CreateAccount" name="createAccountTest" time="1.509"/>
  <testcase classname="com.api.testcases.TS_001_CreateAccount" name="createAccountTest" time="1.485"/>
  <testcase classname="com.api.testcases.TS_001_CreateAccount" name="createAccountTest" time="1.468"/>
  <testcase classname="com.api.testcases.TS_001_CreateAccount" name="createAccountTest" time="1.577"/>
  <testcase classname="com.api.testcases.TS_001_CreateAccount" name="createAccountTest" time="1.43"/>
  <testcase classname="com.api.testcases.TS_001_CreateAccount" name="createAccountTest" time="1.468"/>
  <testcase classname="com.api.testcases.TS_001_CreateAccount" name="createAccountTest" time="2.997">
    <failure type="java.lang.AssertionError" message="1 expectation failed.
Expected status code &amp;lt;403&amp;gt; but was &amp;lt;201&amp;gt;.
">
      <![CDATA[java.lang.AssertionError: 1 expectation failed.
Expected status code <403> but was <201>.

at org.codehaus.groovy.runtime.callsite.ConstructorSite$ConstructorSiteNoUnwrap.callConstructor(ConstructorSite.java:84)
at org.codehaus.groovy.runtime.callsite.CallSiteArray.defaultCallConstructor(CallSiteArray.java:59)
at org.codehaus.groovy.runtime.callsite.AbstractCallSite.callConstructor(AbstractCallSite.java:238)
at org.codehaus.groovy.runtime.callsite.AbstractCallSite.callConstructor(AbstractCallSite.java:250)
at io.restassured.internal.ResponseSpecificationImpl$HamcrestAssertionClosure.validate(ResponseSpecificationImpl.groovy:494)
at io.restassured.internal.ResponseSpecificationImpl$HamcrestAssertionClosure$validate$1.call(Unknown Source)
at io.restassured.internal.ResponseSpecificationImpl.validateResponseIfRequired(ResponseSpecificationImpl.groovy:656)
at org.codehaus.groovy.runtime.callsite.PogoMetaMethodSite$PogoCachedMethodSiteNoUnwrapNoCoerce.invoke(PogoMetaMethodSite.java:210)
at org.codehaus.groovy.runtime.callsite.PogoMetaMethodSite.callCurrent(PogoMetaMethodSite.java:59)
at org.codehaus.groovy.runtime.callsite.AbstractCallSite.callCurrent(AbstractCallSite.java:169)
at io.restassured.internal.ResponseSpecificationImpl.statusCode(ResponseSpecificationImpl.groovy:125)
at io.restassured.specification.ResponseSpecification$statusCode$0.callCurrent(Unknown Source)
at io.restassured.internal.ResponseSpecificationImpl.statusCode(ResponseSpecificationImpl.groovy:133)
at io.restassured.internal.ValidatableResponseOptionsImpl.statusCode(ValidatableResponseOptionsImpl.java:119)
at com.api.testcases.TS_001_CreateAccount.createAccountTest(TS_001_CreateAccount.java:79)
at java.base/java.util.ArrayList.forEach(ArrayList.java:1540)
... Removed 35 stack frames]]>
    </failure>
  </testcase> <!-- createAccountTest -->
  <testcase classname="com.api.testcases.TS_001_CreateAccount" name="createAccountTest" time="1.48"/>
  <testcase classname="com.api.testcases.TS_001_CreateAccount" name="createAccountTest" time="1.451"/>
  <testcase classname="com.api.testcases.TS_001_CreateAccount" name="createAccountTest" time="1.835"/>
  <testcase classname="com.api.testcases.TS_001_CreateAccount" name="createAccountTest" time="1.468"/>
  <testcase classname="com.api.testcases.TS_001_CreateAccount" name="createAccountTest" time="1.436"/>
  <testcase classname="com.api.testcases.TS_001_CreateAccount" name="createAccountTest" time="1.487"/>
  <testcase classname="com.api.testcases.TS_001_CreateAccount" name="createAccountTest" time="1.406"/>
  <testcase classname="com.api.testcases.TS_001_CreateAccount" name="createAccountTest" time="1.464"/>
  <testcase classname="com.api.testcases.TS_001_CreateAccount" name="createAccountTest" time="1.459"/>
  <testcase classname="com.api.testcases.TS_001_CreateAccount" name="createAccountTest" time="1.404"/>
  <testcase classname="com.api.testcases.TS_001_CreateAccount" name="createAccountTest" time="1.416"/>
  <testcase classname="com.api.testcases.TS_001_CreateAccount" name="createAccountTest" time="1.511"/>
  <testcase classname="com.api.testcases.TS_002_Login" name="loginTest" time="1.562"/>
  <testcase classname="com.api.testcases.TS_002_Login" name="loginTest" time="1.449"/>
  <testcase classname="com.api.testcases.TS_002_Login" name="loginTest" time="1.504"/>
  <testcase classname="com.api.testcases.TS_002_Login" name="loginTest" time="1.433"/>
  <testcase classname="com.api.testcases.TS_002_Login" name="loginTest" time="1.541"/>
  <testcase classname="com.api.testcases.TS_002_Login" name="loginTest" time="1.51"/>
  <testcase classname="com.api.testcases.TS_002_Login" name="loginTest" time="1.47">
    <failure type="java.lang.AssertionError" message="1 expectation failed.
Response body doesn&amp;apos;t match expectation.
Expected: a string containing &amp;quot;Invalid phone number&amp;quot;
  Actual: [data:[:], message:Phone number or password wrong, status:403]
">
      <![CDATA[java.lang.AssertionError: 1 expectation failed.
Response body doesn't match expectation.
Expected: a string containing "Invalid phone number"
  Actual: [data:[:], message:Phone number or password wrong, status:403]

at org.codehaus.groovy.runtime.callsite.ConstructorSite$ConstructorSiteNoUnwrap.callConstructor(ConstructorSite.java:84)
at org.codehaus.groovy.runtime.callsite.AbstractCallSite.callConstructor(AbstractCallSite.java:250)
at io.restassured.internal.ResponseSpecificationImpl$HamcrestAssertionClosure.validate(ResponseSpecificationImpl.groovy:494)
at io.restassured.internal.ResponseSpecificationImpl$HamcrestAssertionClosure$validate$1.call(Unknown Source)
at io.restassured.internal.ResponseSpecificationImpl.validateResponseIfRequired(ResponseSpecificationImpl.groovy:656)
at org.codehaus.groovy.runtime.callsite.PogoMetaMethodSite$PogoCachedMethodSiteNoUnwrapNoCoerce.invoke(PogoMetaMethodSite.java:210)
at org.codehaus.groovy.runtime.callsite.PogoMetaMethodSite.callCurrent(PogoMetaMethodSite.java:59)
at org.codehaus.groovy.runtime.callsite.AbstractCallSite.callCurrent(AbstractCallSite.java:169)
at io.restassured.internal.ResponseSpecificationImpl.content(ResponseSpecificationImpl.groovy:97)
at io.restassured.internal.ValidatableResponseOptionsImpl.content(ValidatableResponseOptionsImpl.java:89)
at com.api.testcases.TS_002_Login.loginTest(TS_002_Login.java:73)
at java.base/java.util.ArrayList.forEach(ArrayList.java:1540)
... Removed 36 stack frames]]>
    </failure>
  </testcase> <!-- loginTest -->
  <testcase classname="com.api.testcases.TS_002_Login" name="loginTest" time="2.062"/>
  <testcase classname="com.api.testcases.TS_002_Login" name="loginTest" time="1.43"/>
  <testcase classname="com.api.testcases.TS_002_Login" name="loginTest" time="1.498"/>
  <testcase classname="com.api.testcases.TS_002_Login" name="loginTest" time="1.405"/>
  <testcase classname="com.api.testcases.TS_002_Login" name="loginTest" time="1.466"/>
  <testcase classname="com.api.testcases.TS_002_Login" name="loginTest" time="1.428"/>
  <testcase classname="com.api.testcases.TS_002_Login" name="loginTest" time="1.419"/>
  <testcase classname="com.api.testcases.TS_002_Login" name="loginTest" time="1.526"/>
  <testcase classname="com.api.testcases.TS_002_Login" name="loginTest" time="1.456"/>
  <testcase classname="com.api.testcases.TS_002_Login" name="loginTest" time="1.463"/>
  <testcase classname="com.api.testcases.TS_002_Login" name="loginTest" time="1.435"/>
  <testcase classname="com.api.testcases.TS_002_Login" name="loginTest" time="1.472"/>
  <testcase classname="com.api.testcases.TS_003_SendOTP" name="sendOTPTest" time="1.531">
    <failure type="java.lang.AssertionError" message="1 expectation failed.
Expected status code &amp;lt;201&amp;gt; but was &amp;lt;500&amp;gt;.
">
      <![CDATA[java.lang.AssertionError: 1 expectation failed.
Expected status code <201> but was <500>.

at org.codehaus.groovy.runtime.callsite.ConstructorSite$ConstructorSiteNoUnwrap.callConstructor(ConstructorSite.java:84)
at org.codehaus.groovy.runtime.callsite.AbstractCallSite.callConstructor(AbstractCallSite.java:250)
at io.restassured.internal.ResponseSpecificationImpl$HamcrestAssertionClosure.validate(ResponseSpecificationImpl.groovy:494)
at io.restassured.internal.ResponseSpecificationImpl$HamcrestAssertionClosure$validate$1.call(Unknown Source)
at io.restassured.internal.ResponseSpecificationImpl.validateResponseIfRequired(ResponseSpecificationImpl.groovy:656)
at org.codehaus.groovy.runtime.callsite.PogoMetaMethodSite$PogoCachedMethodSiteNoUnwrapNoCoerce.invoke(PogoMetaMethodSite.java:210)
at org.codehaus.groovy.runtime.callsite.PogoMetaMethodSite.callCurrent(PogoMetaMethodSite.java:59)
at org.codehaus.groovy.runtime.callsite.AbstractCallSite.callCurrent(AbstractCallSite.java:169)
at io.restassured.internal.ResponseSpecificationImpl.statusCode(ResponseSpecificationImpl.groovy:125)
at io.restassured.specification.ResponseSpecification$statusCode$0.callCurrent(Unknown Source)
at io.restassured.internal.ResponseSpecificationImpl.statusCode(ResponseSpecificationImpl.groovy:133)
at io.restassured.internal.ValidatableResponseOptionsImpl.statusCode(ValidatableResponseOptionsImpl.java:119)
at com.api.testcases.TS_003_SendOTP.sendOTPTest(TS_003_SendOTP.java:47)
at java.base/java.util.ArrayList.forEach(ArrayList.java:1540)
... Removed 36 stack frames]]>
    </failure>
  </testcase> <!-- sendOTPTest -->
  <testcase classname="com.api.testcases.TS_003_SendOTP" name="sendOTPTest" time="1.51">
    <failure type="java.lang.AssertionError" message="1 expectation failed.
Expected status code &amp;lt;201&amp;gt; but was &amp;lt;500&amp;gt;.
">
      <![CDATA[java.lang.AssertionError: 1 expectation failed.
Expected status code <201> but was <500>.

at org.codehaus.groovy.runtime.callsite.ConstructorSite$ConstructorSiteNoUnwrap.callConstructor(ConstructorSite.java:84)
at org.codehaus.groovy.runtime.callsite.AbstractCallSite.callConstructor(AbstractCallSite.java:250)
at io.restassured.internal.ResponseSpecificationImpl$HamcrestAssertionClosure.validate(ResponseSpecificationImpl.groovy:494)
at io.restassured.internal.ResponseSpecificationImpl$HamcrestAssertionClosure$validate$1.call(Unknown Source)
at io.restassured.internal.ResponseSpecificationImpl.validateResponseIfRequired(ResponseSpecificationImpl.groovy:656)
at org.codehaus.groovy.runtime.callsite.PogoMetaMethodSite$PogoCachedMethodSiteNoUnwrapNoCoerce.invoke(PogoMetaMethodSite.java:210)
at org.codehaus.groovy.runtime.callsite.PogoMetaMethodSite.callCurrent(PogoMetaMethodSite.java:59)
at org.codehaus.groovy.runtime.callsite.AbstractCallSite.callCurrent(AbstractCallSite.java:169)
at io.restassured.internal.ResponseSpecificationImpl.statusCode(ResponseSpecificationImpl.groovy:125)
at io.restassured.specification.ResponseSpecification$statusCode$0.callCurrent(Unknown Source)
at io.restassured.internal.ResponseSpecificationImpl.statusCode(ResponseSpecificationImpl.groovy:133)
at io.restassured.internal.ValidatableResponseOptionsImpl.statusCode(ValidatableResponseOptionsImpl.java:119)
at com.api.testcases.TS_003_SendOTP.sendOTPTest(TS_003_SendOTP.java:47)
at java.base/java.util.ArrayList.forEach(ArrayList.java:1540)
... Removed 36 stack frames]]>
    </failure>
  </testcase> <!-- sendOTPTest -->
  <testcase classname="com.api.testcases.TS_003_SendOTP" name="sendOTPTest" time="1.592">
    <failure type="java.lang.AssertionError" message="1 expectation failed.
Expected status code &amp;lt;201&amp;gt; but was &amp;lt;500&amp;gt;.
">
      <![CDATA[java.lang.AssertionError: 1 expectation failed.
Expected status code <201> but was <500>.

at org.codehaus.groovy.runtime.callsite.ConstructorSite$ConstructorSiteNoUnwrap.callConstructor(ConstructorSite.java:84)
at org.codehaus.groovy.runtime.callsite.AbstractCallSite.callConstructor(AbstractCallSite.java:250)
at io.restassured.internal.ResponseSpecificationImpl$HamcrestAssertionClosure.validate(ResponseSpecificationImpl.groovy:494)
at io.restassured.internal.ResponseSpecificationImpl$HamcrestAssertionClosure$validate$1.call(Unknown Source)
at io.restassured.internal.ResponseSpecificationImpl.validateResponseIfRequired(ResponseSpecificationImpl.groovy:656)
at org.codehaus.groovy.runtime.callsite.PogoMetaMethodSite$PogoCachedMethodSiteNoUnwrapNoCoerce.invoke(PogoMetaMethodSite.java:210)
at org.codehaus.groovy.runtime.callsite.PogoMetaMethodSite.callCurrent(PogoMetaMethodSite.java:59)
at org.codehaus.groovy.runtime.callsite.AbstractCallSite.callCurrent(AbstractCallSite.java:169)
at io.restassured.internal.ResponseSpecificationImpl.statusCode(ResponseSpecificationImpl.groovy:125)
at io.restassured.specification.ResponseSpecification$statusCode$0.callCurrent(Unknown Source)
at io.restassured.internal.ResponseSpecificationImpl.statusCode(ResponseSpecificationImpl.groovy:133)
at io.restassured.internal.ValidatableResponseOptionsImpl.statusCode(ValidatableResponseOptionsImpl.java:119)
at com.api.testcases.TS_003_SendOTP.sendOTPTest(TS_003_SendOTP.java:47)
at java.base/java.util.ArrayList.forEach(ArrayList.java:1540)
... Removed 36 stack frames]]>
    </failure>
  </testcase> <!-- sendOTPTest -->
  <testcase classname="com.api.testcases.TS_003_SendOTP" name="sendOTPTest" time="1.469">
    <failure type="java.lang.AssertionError" message="1 expectation failed.
Expected status code &amp;lt;201&amp;gt; but was &amp;lt;500&amp;gt;.
">
      <![CDATA[java.lang.AssertionError: 1 expectation failed.
Expected status code <201> but was <500>.

at org.codehaus.groovy.runtime.callsite.ConstructorSite$ConstructorSiteNoUnwrap.callConstructor(ConstructorSite.java:84)
at org.codehaus.groovy.runtime.callsite.AbstractCallSite.callConstructor(AbstractCallSite.java:250)
at io.restassured.internal.ResponseSpecificationImpl$HamcrestAssertionClosure.validate(ResponseSpecificationImpl.groovy:494)
at io.restassured.internal.ResponseSpecificationImpl$HamcrestAssertionClosure$validate$1.call(Unknown Source)
at io.restassured.internal.ResponseSpecificationImpl.validateResponseIfRequired(ResponseSpecificationImpl.groovy:656)
at org.codehaus.groovy.runtime.callsite.PogoMetaMethodSite$PogoCachedMethodSiteNoUnwrapNoCoerce.invoke(PogoMetaMethodSite.java:210)
at org.codehaus.groovy.runtime.callsite.PogoMetaMethodSite.callCurrent(PogoMetaMethodSite.java:59)
at org.codehaus.groovy.runtime.callsite.AbstractCallSite.callCurrent(AbstractCallSite.java:169)
at io.restassured.internal.ResponseSpecificationImpl.statusCode(ResponseSpecificationImpl.groovy:125)
at io.restassured.specification.ResponseSpecification$statusCode$0.callCurrent(Unknown Source)
at io.restassured.internal.ResponseSpecificationImpl.statusCode(ResponseSpecificationImpl.groovy:133)
at io.restassured.internal.ValidatableResponseOptionsImpl.statusCode(ValidatableResponseOptionsImpl.java:119)
at com.api.testcases.TS_003_SendOTP.sendOTPTest(TS_003_SendOTP.java:47)
at java.base/java.util.ArrayList.forEach(ArrayList.java:1540)
... Removed 36 stack frames]]>
    </failure>
  </testcase> <!-- sendOTPTest -->
  <testcase classname="com.api.testcases.TS_003_SendOTP" name="sendOTPTest" time="1.484"/>
  <testcase classname="com.api.testcases.TS_003_SendOTP" name="sendOTPTest" time="1.438">
    <failure type="java.lang.AssertionError" message="1 expectation failed.
Expected status code &amp;lt;403&amp;gt; but was &amp;lt;500&amp;gt;.
">
      <![CDATA[java.lang.AssertionError: 1 expectation failed.
Expected status code <403> but was <500>.

at org.codehaus.groovy.runtime.callsite.ConstructorSite$ConstructorSiteNoUnwrap.callConstructor(ConstructorSite.java:84)
at org.codehaus.groovy.runtime.callsite.AbstractCallSite.callConstructor(AbstractCallSite.java:250)
at io.restassured.internal.ResponseSpecificationImpl$HamcrestAssertionClosure.validate(ResponseSpecificationImpl.groovy:494)
at io.restassured.internal.ResponseSpecificationImpl$HamcrestAssertionClosure$validate$1.call(Unknown Source)
at io.restassured.internal.ResponseSpecificationImpl.validateResponseIfRequired(ResponseSpecificationImpl.groovy:656)
at org.codehaus.groovy.runtime.callsite.PogoMetaMethodSite$PogoCachedMethodSiteNoUnwrapNoCoerce.invoke(PogoMetaMethodSite.java:210)
at org.codehaus.groovy.runtime.callsite.PogoMetaMethodSite.callCurrent(PogoMetaMethodSite.java:59)
at org.codehaus.groovy.runtime.callsite.AbstractCallSite.callCurrent(AbstractCallSite.java:169)
at io.restassured.internal.ResponseSpecificationImpl.statusCode(ResponseSpecificationImpl.groovy:125)
at io.restassured.specification.ResponseSpecification$statusCode$0.callCurrent(Unknown Source)
at io.restassured.internal.ResponseSpecificationImpl.statusCode(ResponseSpecificationImpl.groovy:133)
at io.restassured.internal.ValidatableResponseOptionsImpl.statusCode(ValidatableResponseOptionsImpl.java:119)
at com.api.testcases.TS_003_SendOTP.sendOTPTest(TS_003_SendOTP.java:61)
at java.base/java.util.ArrayList.forEach(ArrayList.java:1540)
... Removed 36 stack frames]]>
    </failure>
  </testcase> <!-- sendOTPTest -->
  <testcase classname="com.api.testcases.TS_003_SendOTP" name="sendOTPTest" time="1.521"/>
  <testcase classname="com.api.testcases.TS_003_SendOTP" name="sendOTPTest" time="1.463"/>
  <testcase classname="com.api.testcases.TS_003_SendOTP" name="sendOTPTest" time="1.431"/>
  <testcase classname="com.api.testcases.TS_003_SendOTP" name="sendOTPTest" time="1.457"/>
  <testcase classname="com.api.testcases.TS_003_SendOTP" name="sendOTPTest" time="1.458"/>
  <testcase classname="com.api.testcases.TS_003_SendOTP" name="sendOTPTest" time="2.094"/>
  <testcase classname="com.api.testcases.TS_003_SendOTP" name="sendOTPTest" time="1.445"/>
  <testcase classname="com.api.testcases.TS_003_SendOTP" name="sendOTPTest" time="1.491"/>
  <testcase classname="com.api.testcases.TS_003_SendOTP" name="sendOTPTest" time="1.658"/>
  <testcase classname="com.api.testcases.TS_003_SendOTP" name="sendOTPTest" time="1.444"/>
  <testcase classname="com.api.testcases.TS_003_SendOTP" name="sendOTPTest" time="1.589"/>
  <testcase classname="com.api.testcases.TS_004_GetUserProfile" name="getProfileTest" time="1.595"/>
  <testcase classname="com.api.testcases.TS_004_GetUserProfile" name="getProfileTest" time="1.425"/>
  <testcase classname="com.api.testcases.TS_004_GetUserProfile" name="getProfileTest" time="1.534"/>
  <testcase classname="com.api.testcases.TS_004_GetUserProfile" name="getProfileTest" time="1.409"/>
  <testcase classname="com.api.testcases.TS_004_GetUserProfile" name="getProfileTest" time="1.437"/>
  <testcase classname="com.api.testcases.TS_005_GetUnpaidBill" name="createBillData" time="1.483"/>
  <testcase classname="com.api.testcases.TS_005_GetUnpaidBill" name="createBillData" time="1.435"/>
  <testcase classname="com.api.testcases.TS_005_GetUnpaidBill" name="createBillData" time="1.462"/>
  <testcase classname="com.api.testcases.TS_005_GetUnpaidBill" name="createBillData" time="1.449"/>
  <testcase classname="com.api.testcases.TS_005_GetUnpaidBill" name="createBillData" time="1.429"/>
  <testcase classname="com.api.testcases.TS_005_GetUnpaidBill" name="createBillData" time="1.518"/>
  <testcase classname="com.api.testcases.TS_005_GetUnpaidBill" name="createBillData" time="1.46"/>
  <testcase classname="com.api.testcases.TS_005_GetUnpaidBill" name="createBillData" time="1.546"/>
  <testcase classname="com.api.testcases.TS_005_GetUnpaidBill" name="createBillData" time="1.474"/>
  <testcase classname="com.api.testcases.TS_005_GetUnpaidBill" name="createBillData" time="1.735"/>
  <testcase classname="com.api.testcases.TS_005_GetUnpaidBill" name="createBillData" time="1.505"/>
  <testcase classname="com.api.testcases.TS_005_GetUnpaidBill" name="createBillData" time="1.646"/>
  <testcase classname="com.api.testcases.TS_005_GetUnpaidBill" name="createBillData" time="1.525"/>
  <testcase classname="com.api.testcases.TS_005_GetUnpaidBill" name="getUnpaidBillTest" time="1.495"/>
  <testcase classname="com.api.testcases.TS_005_GetUnpaidBill" name="getUnpaidBillTest" time="1.493"/>
  <testcase classname="com.api.testcases.TS_005_GetUnpaidBill" name="getUnpaidBillTest" time="1.435"/>
  <testcase classname="com.api.testcases.TS_005_GetUnpaidBill" name="getUnpaidBillTest" time="1.458"/>
  <testcase classname="com.api.testcases.TS_005_GetUnpaidBill" name="getUnpaidBillTest" time="1.41"/>
  <testcase classname="com.api.testcases.TS_005_GetUnpaidBill" name="getUnpaidBillTest" time="1.428"/>
  <testcase classname="com.api.testcases.TS_005_GetUnpaidBill" name="getUnpaidBillTest" time="1.398"/>
  <testcase classname="com.api.testcases.TS_005_GetUnpaidBill" name="getUnpaidBillTest" time="1.407"/>
  <testcase classname="com.api.testcases.TS_005_GetUnpaidBill" name="getUnpaidBillTest" time="1.412"/>
  <testcase classname="com.api.testcases.TS_005_GetUnpaidBill" name="getUnpaidBillTest" time="1.433"/>
  <testcase classname="com.api.testcases.TS_005_GetUnpaidBill" name="getUnpaidBillTest" time="1.506"/>
  <testcase classname="com.api.testcases.TS_005_GetUnpaidBill" name="getUnpaidBillTest" time="1.447"/>
  <testcase classname="com.api.testcases.TS_005_GetUnpaidBill" name="getUnpaidBillTest" time="1.44"/>
  <testcase classname="com.api.testcases.TS_006_InsertPayment" name="createBillData" time="1.488"/>
  <testcase classname="com.api.testcases.TS_006_InsertPayment" name="createBillData" time="1.42"/>
  <testcase classname="com.api.testcases.TS_006_InsertPayment" name="createBillData" time="1.454"/>
  <testcase classname="com.api.testcases.TS_006_InsertPayment" name="createBillData" time="1.421"/>
  <testcase classname="com.api.testcases.TS_006_InsertPayment" name="createBillData" time="1.51"/>
  <testcase classname="com.api.testcases.TS_006_InsertPayment" name="createBillData" time="1.512"/>
  <testcase classname="com.api.testcases.TS_006_InsertPayment" name="insertPaymentTest" time="3.28"/>
  <testcase classname="com.api.testcases.TS_006_InsertPayment" name="insertPaymentTest" time="2.934"/>
  <testcase classname="com.api.testcases.TS_006_InsertPayment" name="insertPaymentTest" time="3.708"/>
  <testcase classname="com.api.testcases.TS_006_InsertPayment" name="insertPaymentTest" time="3.032"/>
  <testcase classname="com.api.testcases.TS_006_InsertPayment" name="insertPaymentTest" time="1.425"/>
  <testcase classname="com.api.testcases.TS_006_InsertPayment" name="insertPaymentTest" time="3.211">
    <failure type="java.lang.AssertionError" message="1 expectation failed.
Response body doesn&amp;apos;t match expectation.
Expected: a string containing &amp;quot;Pay your bill to finish the transaction&amp;quot;
  Actual: [data:[:], message:Pay your bill to finish the transaction, status:403]
">
      <![CDATA[java.lang.AssertionError: 1 expectation failed.
Response body doesn't match expectation.
Expected: a string containing "Pay your bill to finish the transaction"
  Actual: [data:[:], message:Pay your bill to finish the transaction, status:403]

at org.codehaus.groovy.runtime.callsite.ConstructorSite$ConstructorSiteNoUnwrap.callConstructor(ConstructorSite.java:84)
at org.codehaus.groovy.runtime.callsite.AbstractCallSite.callConstructor(AbstractCallSite.java:250)
at io.restassured.internal.ResponseSpecificationImpl$HamcrestAssertionClosure.validate(ResponseSpecificationImpl.groovy:494)
at io.restassured.internal.ResponseSpecificationImpl$HamcrestAssertionClosure$validate$1.call(Unknown Source)
at io.restassured.internal.ResponseSpecificationImpl.validateResponseIfRequired(ResponseSpecificationImpl.groovy:656)
at org.codehaus.groovy.runtime.callsite.PogoMetaMethodSite$PogoCachedMethodSiteNoUnwrapNoCoerce.invoke(PogoMetaMethodSite.java:210)
at org.codehaus.groovy.runtime.callsite.PogoMetaMethodSite.callCurrent(PogoMetaMethodSite.java:59)
at org.codehaus.groovy.runtime.callsite.AbstractCallSite.callCurrent(AbstractCallSite.java:169)
at io.restassured.internal.ResponseSpecificationImpl.content(ResponseSpecificationImpl.groovy:97)
at io.restassured.internal.ValidatableResponseOptionsImpl.content(ValidatableResponseOptionsImpl.java:89)
at com.api.testcases.TS_006_InsertPayment.insertPaymentTest(TS_006_InsertPayment.java:113)
at java.base/java.util.ArrayList.forEach(ArrayList.java:1540)
... Removed 36 stack frames]]>
    </failure>
  </testcase> <!-- insertPaymentTest -->
  <testcase classname="com.api.testcases.TS_006_InsertPayment" name="insertPaymentTest" time="2.894">
    <failure type="java.lang.AssertionError" message="1 expectation failed.
Response body doesn&amp;apos;t match expectation.
Expected: a string containing &amp;quot;Pay your bill to finish the transaction&amp;quot;
  Actual: [data:[:], message:Pay your bill to finish the transaction, status:403]
">
      <![CDATA[java.lang.AssertionError: 1 expectation failed.
Response body doesn't match expectation.
Expected: a string containing "Pay your bill to finish the transaction"
  Actual: [data:[:], message:Pay your bill to finish the transaction, status:403]

at org.codehaus.groovy.runtime.callsite.ConstructorSite$ConstructorSiteNoUnwrap.callConstructor(ConstructorSite.java:84)
at org.codehaus.groovy.runtime.callsite.AbstractCallSite.callConstructor(AbstractCallSite.java:250)
at io.restassured.internal.ResponseSpecificationImpl$HamcrestAssertionClosure.validate(ResponseSpecificationImpl.groovy:494)
at io.restassured.internal.ResponseSpecificationImpl$HamcrestAssertionClosure$validate$1.call(Unknown Source)
at io.restassured.internal.ResponseSpecificationImpl.validateResponseIfRequired(ResponseSpecificationImpl.groovy:656)
at org.codehaus.groovy.runtime.callsite.PogoMetaMethodSite$PogoCachedMethodSiteNoUnwrapNoCoerce.invoke(PogoMetaMethodSite.java:210)
at org.codehaus.groovy.runtime.callsite.PogoMetaMethodSite.callCurrent(PogoMetaMethodSite.java:59)
at org.codehaus.groovy.runtime.callsite.AbstractCallSite.callCurrent(AbstractCallSite.java:169)
at io.restassured.internal.ResponseSpecificationImpl.content(ResponseSpecificationImpl.groovy:97)
at io.restassured.internal.ValidatableResponseOptionsImpl.content(ValidatableResponseOptionsImpl.java:89)
at com.api.testcases.TS_006_InsertPayment.insertPaymentTest(TS_006_InsertPayment.java:113)
at java.base/java.util.ArrayList.forEach(ArrayList.java:1540)
... Removed 36 stack frames]]>
    </failure>
  </testcase> <!-- insertPaymentTest -->
  <testcase classname="com.api.testcases.TS_006_InsertPayment" name="insertPaymentTest" time="2.904"/>
  <testcase classname="com.api.testcases.TS_006_InsertPayment" name="insertPaymentTest" time="2.875"/>
  <testcase classname="com.api.testcases.TS_006_InsertPayment" name="insertPaymentTest" time="3.176"/>
  <testcase classname="com.api.testcases.TS_006_InsertPayment" name="insertPaymentTest" time="2.859"/>
  <testcase classname="com.api.testcases.TS_006_InsertPayment" name="insertPaymentTest" time="2.889"/>
  <testcase classname="com.api.testcases.TS_006_InsertPayment" name="insertPaymentTest" time="2.864"/>
  <testcase classname="com.api.testcases.TS_006_InsertPayment" name="insertPaymentTest" time="2.918"/>
  <testcase classname="com.api.testcases.TS_006_InsertPayment" name="insertPaymentTest" time="2.888"/>
  <testcase classname="com.api.testcases.TS_006_InsertPayment" name="insertPaymentTest" time="1.437"/>
  <testcase classname="com.api.testcases.TS_006_InsertPayment" name="insertPaymentTest" time="1.442"/>
  <testcase classname="com.api.testcases.TS_006_InsertPayment" name="insertPaymentTest" time="2.164"/>
  <testcase classname="com.api.testcases.TS_007_VerifyPayment" name="createBillData" time="1.425"/>
  <testcase classname="com.api.testcases.TS_007_VerifyPayment" name="createBillData" time="1.434"/>
  <testcase classname="com.api.testcases.TS_007_VerifyPayment" name="createBillData" time="1.45"/>
  <testcase classname="com.api.testcases.TS_007_VerifyPayment" name="createBillData" time="1.791"/>
  <testcase classname="com.api.testcases.TS_007_VerifyPayment" name="createBillData" time="1.453"/>
  <testcase classname="com.api.testcases.TS_007_VerifyPayment" name="createBillData" time="1.477"/>
  <testcase classname="com.api.testcases.TS_007_VerifyPayment" name="insertSomePayment" time="6.109"/>
  <testcase classname="com.api.testcases.TS_007_VerifyPayment" name="verifyPaymentTest" time="1.564"/>
  <testcase classname="com.api.testcases.TS_007_VerifyPayment" name="verifyPaymentTest" time="1.744"/>
  <testcase classname="com.api.testcases.TS_007_VerifyPayment" name="verifyPaymentTest" time="1.434">
    <failure type="java.lang.AssertionError" message="1 expectation failed.
Response body doesn&amp;apos;t match expectation.
Expected: a string containing &amp;quot;You must do the payment transaction first&amp;quot;
  Actual: [data:[:], message:You must do the payment transaction first, status:403]
">
      <![CDATA[java.lang.AssertionError: 1 expectation failed.
Response body doesn't match expectation.
Expected: a string containing "You must do the payment transaction first"
  Actual: [data:[:], message:You must do the payment transaction first, status:403]

at org.codehaus.groovy.runtime.callsite.ConstructorSite$ConstructorSiteNoUnwrap.callConstructor(ConstructorSite.java:84)
at org.codehaus.groovy.runtime.callsite.AbstractCallSite.callConstructor(AbstractCallSite.java:250)
at io.restassured.internal.ResponseSpecificationImpl$HamcrestAssertionClosure.validate(ResponseSpecificationImpl.groovy:494)
at io.restassured.internal.ResponseSpecificationImpl$HamcrestAssertionClosure$validate$1.call(Unknown Source)
at io.restassured.internal.ResponseSpecificationImpl.validateResponseIfRequired(ResponseSpecificationImpl.groovy:656)
at org.codehaus.groovy.runtime.callsite.PogoMetaMethodSite$PogoCachedMethodSiteNoUnwrapNoCoerce.invoke(PogoMetaMethodSite.java:210)
at org.codehaus.groovy.runtime.callsite.PogoMetaMethodSite.callCurrent(PogoMetaMethodSite.java:59)
at org.codehaus.groovy.runtime.callsite.AbstractCallSite.callCurrent(AbstractCallSite.java:169)
at io.restassured.internal.ResponseSpecificationImpl.content(ResponseSpecificationImpl.groovy:97)
at io.restassured.internal.ValidatableResponseOptionsImpl.content(ValidatableResponseOptionsImpl.java:89)
at com.api.testcases.TS_007_VerifyPayment.verifyPaymentTest(TS_007_VerifyPayment.java:122)
at java.base/java.util.ArrayList.forEach(ArrayList.java:1540)
... Removed 36 stack frames]]>
    </failure>
  </testcase> <!-- verifyPaymentTest -->
  <testcase classname="com.api.testcases.TS_007_VerifyPayment" name="verifyPaymentTest" time="1.504">
    <failure type="java.lang.AssertionError" message="1 expectation failed.
Response body doesn&amp;apos;t match expectation.
Expected: a string containing &amp;quot;You must do the payment transaction first&amp;quot;
  Actual: [data:[:], message:You must do the payment transaction first, status:403]
">
      <![CDATA[java.lang.AssertionError: 1 expectation failed.
Response body doesn't match expectation.
Expected: a string containing "You must do the payment transaction first"
  Actual: [data:[:], message:You must do the payment transaction first, status:403]

at org.codehaus.groovy.runtime.callsite.ConstructorSite$ConstructorSiteNoUnwrap.callConstructor(ConstructorSite.java:84)
at org.codehaus.groovy.runtime.callsite.AbstractCallSite.callConstructor(AbstractCallSite.java:250)
at io.restassured.internal.ResponseSpecificationImpl$HamcrestAssertionClosure.validate(ResponseSpecificationImpl.groovy:494)
at io.restassured.internal.ResponseSpecificationImpl$HamcrestAssertionClosure$validate$1.call(Unknown Source)
at io.restassured.internal.ResponseSpecificationImpl.validateResponseIfRequired(ResponseSpecificationImpl.groovy:656)
at org.codehaus.groovy.runtime.callsite.PogoMetaMethodSite$PogoCachedMethodSiteNoUnwrapNoCoerce.invoke(PogoMetaMethodSite.java:210)
at org.codehaus.groovy.runtime.callsite.PogoMetaMethodSite.callCurrent(PogoMetaMethodSite.java:59)
at org.codehaus.groovy.runtime.callsite.AbstractCallSite.callCurrent(AbstractCallSite.java:169)
at io.restassured.internal.ResponseSpecificationImpl.content(ResponseSpecificationImpl.groovy:97)
at io.restassured.internal.ValidatableResponseOptionsImpl.content(ValidatableResponseOptionsImpl.java:89)
at com.api.testcases.TS_007_VerifyPayment.verifyPaymentTest(TS_007_VerifyPayment.java:122)
at java.base/java.util.ArrayList.forEach(ArrayList.java:1540)
... Removed 36 stack frames]]>
    </failure>
  </testcase> <!-- verifyPaymentTest -->
  <testcase classname="com.api.testcases.TS_007_VerifyPayment" name="verifyPaymentTest" time="1.43"/>
  <testcase classname="com.api.testcases.TS_007_VerifyPayment" name="verifyPaymentTest" time="1.486"/>
  <testcase classname="com.api.testcases.TS_007_VerifyPayment" name="verifyPaymentTest" time="1.808"/>
  <testcase classname="com.api.testcases.TS_007_VerifyPayment" name="verifyPaymentTest" time="1.422"/>
  <testcase classname="com.api.testcases.TS_007_VerifyPayment" name="verifyPaymentTest" time="1.407"/>
  <testcase classname="com.api.testcases.TS_007_VerifyPayment" name="verifyPaymentTest" time="1.961"/>
  <testcase classname="com.api.testcases.TS_007_VerifyPayment" name="verifyPaymentTest" time="1.758"/>
  <testcase classname="com.api.testcases.TS_007_VerifyPayment" name="verifyPaymentTest" time="1.435"/>
  <testcase classname="com.api.testcases.TS_007_VerifyPayment" name="verifyPaymentTest" time="1.462"/>
  <testcase classname="com.api.testcases.TS_007_VerifyPayment" name="verifyPaymentTest" time="1.608"/>
  <testcase classname="com.api.testcases.TS_007_VerifyPayment" name="verifyPaymentTest" time="1.466"/>
  <testcase classname="com.api.testcases.TS_007_VerifyPayment" name="verifyPaymentTest" time="1.429"/>
  <testcase classname="com.api.testcases.TS_008_GetUserPaymentHistory" name="getProfileTest" time="1.785"/>
  <testcase classname="com.api.testcases.TS_008_GetUserPaymentHistory" name="getProfileTest" time="1.417"/>
  <testcase classname="com.api.testcases.TS_008_GetUserPaymentHistory" name="getProfileTest" time="1.489"/>
  <testcase classname="com.api.testcases.TS_008_GetUserPaymentHistory" name="getProfileTest" time="1.45"/>
  <testcase classname="com.api.testcases.TS_008_GetUserPaymentHistory" name="getProfileTest" time="2.863"/>
  <testcase classname="com.api.testcases.CleanUpEverything" name="cleanUp" time="48.483"/>
</testsuite> <!-- APITest -->
