<?xml version="1.0" encoding="UTF-8"?>
<!-- Generated by org.testng.reporters.JUnitReportReporter -->
<testsuite hostname="dnid0007l01.local" failures="1" tests="29" name="com.api.testcases.TS_001_CreateAccount" time="73.687" errors="0" timestamp="2020-05-28T07:53:43 WIB" skipped="0">
  <testcase classname="com.api.testcases.TS_001_CreateAccount" name="createAccountTest" time="1.534"/>
  <system-out/>
  <testcase classname="com.api.testcases.TS_001_CreateAccount" name="createAccountTest" time="1.444"/>
  <system-out/>
  <testcase classname="com.api.testcases.TS_001_CreateAccount" name="createAccountTest" time="1.608"/>
  <system-out/>
  <testcase classname="com.api.testcases.TS_001_CreateAccount" name="createAccountTest" time="1.521"/>
  <system-out/>
  <testcase classname="com.api.testcases.TS_001_CreateAccount" name="createAccountTest" time="1.529"/>
  <system-out/>
  <testcase classname="com.api.testcases.TS_001_CreateAccount" name="createAccountTest" time="20.196"/>
  <system-out/>
  <testcase classname="com.api.testcases.TS_001_CreateAccount" name="createAccountTest" time="1.589"/>
  <system-out/>
  <testcase classname="com.api.testcases.TS_001_CreateAccount" name="createAccountTest" time="1.623"/>
  <system-out/>
  <testcase classname="com.api.testcases.TS_001_CreateAccount" name="createAccountTest" time="1.535"/>
  <system-out/>
  <testcase classname="com.api.testcases.TS_001_CreateAccount" name="createAccountTest" time="2.554"/>
  <system-out/>
  <testcase classname="com.api.testcases.TS_001_CreateAccount" name="createAccountTest" time="1.533"/>
  <system-out/>
  <testcase classname="com.api.testcases.TS_001_CreateAccount" name="createAccountTest" time="2.404"/>
  <system-out/>
  <testcase classname="com.api.testcases.TS_001_CreateAccount" name="createAccountTest" time="1.512"/>
  <system-out/>
  <testcase classname="com.api.testcases.TS_001_CreateAccount" name="createAccountTest" time="1.638"/>
  <system-out/>
  <testcase classname="com.api.testcases.TS_001_CreateAccount" name="createAccountTest" time="1.778"/>
  <system-out/>
  <testcase classname="com.api.testcases.TS_001_CreateAccount" name="createAccountTest" time="1.619"/>
  <system-out/>
  <testcase classname="com.api.testcases.TS_001_CreateAccount" name="createAccountTest" time="1.610"/>
  <system-out/>
  <testcase classname="com.api.testcases.TS_001_CreateAccount" name="createAccountTest" time="1.624"/>
  <system-out/>
  <testcase classname="com.api.testcases.TS_001_CreateAccount" name="createAccountTest" time="1.371"/>
  <system-out/>
  <testcase classname="com.api.testcases.TS_001_CreateAccount" name="createAccountTest" time="1.826"/>
  <system-out/>
  <testcase classname="com.api.testcases.TS_001_CreateAccount" name="createAccountTest" time="1.547"/>
  <system-out/>
  <testcase classname="com.api.testcases.TS_001_CreateAccount" name="createAccountTest" time="1.557"/>
  <system-out/>
  <testcase classname="com.api.testcases.TS_001_CreateAccount" name="createAccountTest" time="3.275">
    <failure message="1 expectation failed.
Expected status code &lt;403&gt; but was &lt;201&gt;.
" type="java.lang.AssertionError">
      <![CDATA[java.lang.AssertionError: 1 expectation failed.
Expected status code <403> but was <201>.

at java.base/jdk.internal.reflect.NativeConstructorAccessorImpl.newInstance0(Native Method)
at java.base/jdk.internal.reflect.NativeConstructorAccessorImpl.newInstance(NativeConstructorAccessorImpl.java:62)
at java.base/jdk.internal.reflect.DelegatingConstructorAccessorImpl.newInstance(DelegatingConstructorAccessorImpl.java:45)
at java.base/java.lang.reflect.Constructor.newInstance(Constructor.java:490)
at org.codehaus.groovy.reflection.CachedConstructor.invoke(CachedConstructor.java:83)
at org.codehaus.groovy.reflection.CachedConstructor.doConstructorInvoke(CachedConstructor.java:77)
at org.codehaus.groovy.runtime.callsite.ConstructorSite$ConstructorSiteNoUnwrap.callConstructor(ConstructorSite.java:84)
at org.codehaus.groovy.runtime.callsite.CallSiteArray.defaultCallConstructor(CallSiteArray.java:59)
at org.codehaus.groovy.runtime.callsite.AbstractCallSite.callConstructor(AbstractCallSite.java:238)
at org.codehaus.groovy.runtime.callsite.AbstractCallSite.callConstructor(AbstractCallSite.java:250)
at io.restassured.internal.ResponseSpecificationImpl$HamcrestAssertionClosure.validate(ResponseSpecificationImpl.groovy:494)
at io.restassured.internal.ResponseSpecificationImpl$HamcrestAssertionClosure$validate$1.call(Unknown Source)
at io.restassured.internal.ResponseSpecificationImpl.validateResponseIfRequired(ResponseSpecificationImpl.groovy:656)
at jdk.internal.reflect.GeneratedMethodAccessor35.invoke(Unknown Source)
at java.base/jdk.internal.reflect.DelegatingMethodAccessorImpl.invoke(DelegatingMethodAccessorImpl.java:43)
at java.base/java.lang.reflect.Method.invoke(Method.java:566)
at org.codehaus.groovy.runtime.callsite.PogoMetaMethodSite$PogoCachedMethodSiteNoUnwrapNoCoerce.invoke(PogoMetaMethodSite.java:210)
at org.codehaus.groovy.runtime.callsite.PogoMetaMethodSite.callCurrent(PogoMetaMethodSite.java:59)
at org.codehaus.groovy.runtime.callsite.AbstractCallSite.callCurrent(AbstractCallSite.java:169)
at io.restassured.internal.ResponseSpecificationImpl.statusCode(ResponseSpecificationImpl.groovy:125)
at io.restassured.specification.ResponseSpecification$statusCode$0.callCurrent(Unknown Source)
at io.restassured.internal.ResponseSpecificationImpl.statusCode(ResponseSpecificationImpl.groovy:133)
at io.restassured.internal.ValidatableResponseOptionsImpl.statusCode(ValidatableResponseOptionsImpl.java:119)
at com.api.testcases.TS_001_CreateAccount.createAccountTest(TS_001_CreateAccount.java:82)
at jdk.internal.reflect.GeneratedMethodAccessor105.invoke(Unknown Source)
at java.base/jdk.internal.reflect.DelegatingMethodAccessorImpl.invoke(DelegatingMethodAccessorImpl.java:43)
at java.base/java.lang.reflect.Method.invoke(Method.java:566)
at org.testng.internal.MethodInvocationHelper.invokeMethod(MethodInvocationHelper.java:134)
at org.testng.internal.TestInvoker.invokeMethod(TestInvoker.java:597)
at org.testng.internal.TestInvoker.invokeTestMethod(TestInvoker.java:173)
at org.testng.internal.MethodRunner.runInSequence(MethodRunner.java:46)
at org.testng.internal.TestInvoker$MethodInvocationAgent.invoke(TestInvoker.java:816)
at org.testng.internal.TestInvoker.invokeTestMethods(TestInvoker.java:146)
at org.testng.internal.TestMethodWorker.invokeTestMethods(TestMethodWorker.java:146)
at org.testng.internal.TestMethodWorker.run(TestMethodWorker.java:128)
at java.base/java.util.ArrayList.forEach(ArrayList.java:1540)
at org.testng.TestRunner.privateRun(TestRunner.java:766)
at org.testng.TestRunner.run(TestRunner.java:587)
at org.testng.SuiteRunner.runTest(SuiteRunner.java:384)
at org.testng.SuiteRunner.runSequentially(SuiteRunner.java:378)
at org.testng.SuiteRunner.privateRun(SuiteRunner.java:337)
at org.testng.SuiteRunner.run(SuiteRunner.java:286)
at org.testng.SuiteRunnerWorker.runSuite(SuiteRunnerWorker.java:53)
at org.testng.SuiteRunnerWorker.run(SuiteRunnerWorker.java:96)
at org.testng.TestNG.runSuitesSequentially(TestNG.java:1187)
at org.testng.TestNG.runSuitesLocally(TestNG.java:1109)
at org.testng.TestNG.runSuites(TestNG.java:1039)
at org.testng.TestNG.run(TestNG.java:1007)
at org.testng.remote.AbstractRemoteTestNG.run(AbstractRemoteTestNG.java:115)
at org.testng.remote.RemoteTestNG.initAndRun(RemoteTestNG.java:251)
at org.testng.remote.RemoteTestNG.main(RemoteTestNG.java:77)
]]>
    </failure>
  </testcase> <!-- createAccountTest -->
  <system-out/>
  <testcase classname="com.api.testcases.TS_001_CreateAccount" name="createAccountTest" time="3.301"/>
  <system-out/>
  <testcase classname="com.api.testcases.TS_001_CreateAccount" name="createAccountTest" time="1.795"/>
  <system-out/>
  <testcase classname="com.api.testcases.TS_001_CreateAccount" name="createAccountTest" time="1.520"/>
  <system-out/>
  <testcase classname="com.api.testcases.TS_001_CreateAccount" name="createAccountTest" time="1.519"/>
  <system-out/>
  <testcase classname="com.api.testcases.TS_001_CreateAccount" name="createAccountTest" time="5.529"/>
  <system-out/>
  <testcase classname="com.api.testcases.TS_001_CreateAccount" name="createAccountTest" time="1.596"/>
  <system-out/>
</testsuite> <!-- com.api.testcases.TS_001_CreateAccount -->
