<?xml version="1.0" encoding="UTF-8"?>
<!-- Generated by org.testng.reporters.JUnitReportReporter -->
<testsuite hostname="dnid0007l01.local" failures="1" tests="19" name="com.api.testcases.TS_002_Login" time="28.529" errors="0" timestamp="2020-05-19T13:32:28 WIB" skipped="0">
  <testcase classname="com.api.testcases.TS_002_Login" name="loginTest" time="1.405"/>
  <system-out/>
  <testcase classname="com.api.testcases.TS_002_Login" name="loginTest" time="1.470">
    <failure message="1 expectation failed.
Response body doesn&#039;t match expectation.
Expected: a string containing &quot;Invalid phone number&quot;
  Actual: [data:[:], message:Phone number or password wrong, status:403]
" type="java.lang.AssertionError">
      <![CDATA[java.lang.AssertionError: 1 expectation failed.
Response body doesn't match expectation.
Expected: a string containing "Invalid phone number"
  Actual: [data:[:], message:Phone number or password wrong, status:403]

at java.base/jdk.internal.reflect.NativeConstructorAccessorImpl.newInstance0(Native Method)
at java.base/jdk.internal.reflect.NativeConstructorAccessorImpl.newInstance(NativeConstructorAccessorImpl.java:62)
at java.base/jdk.internal.reflect.DelegatingConstructorAccessorImpl.newInstance(DelegatingConstructorAccessorImpl.java:45)
at java.base/java.lang.reflect.Constructor.newInstance(Constructor.java:490)
at org.codehaus.groovy.reflection.CachedConstructor.invoke(CachedConstructor.java:83)
at org.codehaus.groovy.reflection.CachedConstructor.doConstructorInvoke(CachedConstructor.java:77)
at org.codehaus.groovy.runtime.callsite.ConstructorSite$ConstructorSiteNoUnwrap.callConstructor(ConstructorSite.java:84)
at org.codehaus.groovy.runtime.callsite.AbstractCallSite.callConstructor(AbstractCallSite.java:250)
at io.restassured.internal.ResponseSpecificationImpl$HamcrestAssertionClosure.validate(ResponseSpecificationImpl.groovy:494)
at io.restassured.internal.ResponseSpecificationImpl$HamcrestAssertionClosure$validate$1.call(Unknown Source)
at io.restassured.internal.ResponseSpecificationImpl.validateResponseIfRequired(ResponseSpecificationImpl.groovy:656)
at jdk.internal.reflect.GeneratedMethodAccessor31.invoke(Unknown Source)
at java.base/jdk.internal.reflect.DelegatingMethodAccessorImpl.invoke(DelegatingMethodAccessorImpl.java:43)
at java.base/java.lang.reflect.Method.invoke(Method.java:566)
at org.codehaus.groovy.runtime.callsite.PogoMetaMethodSite$PogoCachedMethodSiteNoUnwrapNoCoerce.invoke(PogoMetaMethodSite.java:210)
at org.codehaus.groovy.runtime.callsite.PogoMetaMethodSite.callCurrent(PogoMetaMethodSite.java:59)
at org.codehaus.groovy.runtime.callsite.AbstractCallSite.callCurrent(AbstractCallSite.java:169)
at io.restassured.internal.ResponseSpecificationImpl.content(ResponseSpecificationImpl.groovy:97)
at io.restassured.internal.ValidatableResponseOptionsImpl.content(ValidatableResponseOptionsImpl.java:89)
at com.api.testcases.TS_002_Login.loginTest(TS_002_Login.java:73)
at java.base/jdk.internal.reflect.NativeMethodAccessorImpl.invoke0(Native Method)
at java.base/jdk.internal.reflect.NativeMethodAccessorImpl.invoke(NativeMethodAccessorImpl.java:62)
at java.base/jdk.internal.reflect.DelegatingMethodAccessorImpl.invoke(DelegatingMethodAccessorImpl.java:43)
at java.base/java.lang.reflect.Method.invoke(Method.java:566)
at org.testng.internal.MethodInvocationHelper.invokeMethod(MethodInvocationHelper.java:134)
at org.testng.internal.TestInvoker.invokeMethod(TestInvoker.java:597)
at org.testng.internal.TestInvoker.invokeTestMethod(TestInvoker.java:173)
at org.testng.internal.MethodRunner.runInSequence(MethodRunner.java:46)
at org.testng.internal.TestInvoker$MethodInvocationAgent.invoke(TestInvoker.java:816)
at org.testng.internal.TestInvoker.invokeTestMethods(TestInvoker.java:146)
at org.testng.internal.TestMethodWorker.invokeTestMethods(TestMethodWorker.java:146)
at org.testng.internal.TestMethodWorker.run(TestMethodWorker.java:128)
at java.base/java.util.ArrayList.forEach(ArrayList.java:1540)
at org.testng.TestRunner.privateRun(TestRunner.java:766)
at org.testng.TestRunner.run(TestRunner.java:587)
at org.testng.SuiteRunner.runTest(SuiteRunner.java:384)
at org.testng.SuiteRunner.runSequentially(SuiteRunner.java:378)
at org.testng.SuiteRunner.privateRun(SuiteRunner.java:337)
at org.testng.SuiteRunner.run(SuiteRunner.java:286)
at org.testng.SuiteRunnerWorker.runSuite(SuiteRunnerWorker.java:53)
at org.testng.SuiteRunnerWorker.run(SuiteRunnerWorker.java:96)
at org.testng.TestNG.runSuitesSequentially(TestNG.java:1187)
at org.testng.TestNG.runSuitesLocally(TestNG.java:1109)
at org.testng.TestNG.runSuites(TestNG.java:1039)
at org.testng.TestNG.run(TestNG.java:1007)
at org.testng.remote.AbstractRemoteTestNG.run(AbstractRemoteTestNG.java:115)
at org.testng.remote.RemoteTestNG.initAndRun(RemoteTestNG.java:251)
at org.testng.remote.RemoteTestNG.main(RemoteTestNG.java:77)
]]>
    </failure>
  </testcase> <!-- loginTest -->
  <system-out/>
  <testcase classname="com.api.testcases.TS_002_Login" name="loginTest" time="1.463"/>
  <system-out/>
  <testcase classname="com.api.testcases.TS_002_Login" name="loginTest" time="1.435"/>
  <system-out/>
  <testcase classname="com.api.testcases.TS_002_Login" name="loginTest" time="1.504"/>
  <system-out/>
  <testcase classname="com.api.testcases.TS_002_Login" name="loginTest" time="1.526"/>
  <system-out/>
  <testcase classname="com.api.testcases.TS_002_Login" name="loginTest" time="1.433"/>
  <system-out/>
  <testcase classname="com.api.testcases.TS_002_Login" name="loginTest" time="2.062"/>
  <system-out/>
  <testcase classname="com.api.testcases.TS_002_Login" name="loginTest" time="1.498"/>
  <system-out/>
  <testcase classname="com.api.testcases.TS_002_Login" name="loginTest" time="1.466"/>
  <system-out/>
  <testcase classname="com.api.testcases.TS_002_Login" name="loginTest" time="1.430"/>
  <system-out/>
  <testcase classname="com.api.testcases.TS_002_Login" name="loginTest" time="1.541"/>
  <system-out/>
  <testcase classname="com.api.testcases.TS_002_Login" name="loginTest" time="1.562"/>
  <system-out/>
  <testcase classname="com.api.testcases.TS_002_Login" name="loginTest" time="1.472"/>
  <system-out/>
  <testcase classname="com.api.testcases.TS_002_Login" name="loginTest" time="1.510"/>
  <system-out/>
  <testcase classname="com.api.testcases.TS_002_Login" name="loginTest" time="1.456"/>
  <system-out/>
  <testcase classname="com.api.testcases.TS_002_Login" name="loginTest" time="1.419"/>
  <system-out/>
  <testcase classname="com.api.testcases.TS_002_Login" name="loginTest" time="1.428"/>
  <system-out/>
  <testcase classname="com.api.testcases.TS_002_Login" name="loginTest" time="1.449"/>
  <system-out/>
</testsuite> <!-- com.api.testcases.TS_002_Login -->
